# JRE version: Java(TM) SE Runtime Environment (8.0_144-b01) (build 1.8.0_144-b01)
# Java VM: Java HotSpot(TM) 64-Bit Server VM (25.144-b01 mixed mode windows-amd64 compressed oops)
Heap:
 PSYoungGen      total 140288K, used 2491K [0x00000000eb380000, 0x00000000f5080000, 0x0000000100000000)
  eden space 127488K, 1% used [0x00000000eb380000,0x00000000eb5eee48,0x00000000f3000000)
  from space 12800K, 0% used [0x00000000f3f00000,0x00000000f3f00000,0x00000000f4b80000)
  to   space 15360K, 0% used [0x00000000f3000000,0x00000000f3000000,0x00000000f3f00000)
 ParOldGen       total 49152K, used 21621K [0x00000000c1a00000, 0x00000000c4a00000, 0x00000000eb380000)
  object space 49152K, 43% used [0x00000000c1a00000,0x00000000c2f1d5d8,0x00000000c4a00000)
 Metaspace       used 20828K, capacity 21330K, committed 21552K, reserved 1069056K
  class space    used 2442K, capacity 2571K, committed 2608K, reserved 1048576K
GC Heap History (10 events):
Event: 4.433 GC heap before
{Heap before GC invocations=5 (full 0):
 PSYoungGen      total 35328K, used 35312K [0x00000000eb380000, 0x00000000ed880000, 0x0000000100000000)
  eden space 32768K, 100% used [0x00000000eb380000,0x00000000ed380000,0x00000000ed380000)
  from space 2560K, 99% used [0x00000000ed600000,0x00000000ed87c040,0x00000000ed880000)
  to   space 2560K, 0% used [0x00000000ed380000,0x00000000ed380000,0x00000000ed600000)
 ParOldGen       total 44032K, used 6747K [0x00000000c1a00000, 0x00000000c4500000, 0x00000000eb380000)
  object space 44032K, 15% used [0x00000000c1a00000,0x00000000c2096d50,0x00000000c4500000)
 Metaspace       used 14877K, capacity 15220K, committed 15616K, reserved 1062912K
  class space    used 1827K, capacity 1944K, committed 2048K, reserved 1048576K
Event: 4.445 GC heap after
Heap after GC invocations=5 (full 0):
 PSYoungGen      total 35328K, used 2528K [0x00000000eb380000, 0x00000000f0380000, 0x0000000100000000)
  eden space 32768K, 0% used [0x00000000eb380000,0x00000000eb380000,0x00000000ed380000)
  from space 2560K, 98% used [0x00000000ed380000,0x00000000ed5f8030,0x00000000ed600000)
  to   space 8192K, 0% used [0x00000000efb80000,0x00000000efb80000,0x00000000f0380000)
 ParOldGen       total 44032K, used 12493K [0x00000000c1a00000, 0x00000000c4500000, 0x00000000eb380000)
  object space 44032K, 28% used [0x00000000c1a00000,0x00000000c2633510,0x00000000c4500000)
 Metaspace       used 14877K, capacity 15220K, committed 15616K, reserved 1062912K
  class space    used 1827K, capacity 1944K, committed 2048K, reserved 1048576K
}
Event: 4.844 GC heap before
{Heap before GC invocations=6 (full 0):
 PSYoungGen      total 35328K, used 35296K [0x00000000eb380000, 0x00000000f0380000, 0x0000000100000000)
  eden space 32768K, 100% used [0x00000000eb380000,0x00000000ed380000,0x00000000ed380000)
  from space 2560K, 98% used [0x00000000ed380000,0x00000000ed5f8030,0x00000000ed600000)
  to   space 8192K, 0% used [0x00000000efb80000,0x00000000efb80000,0x00000000f0380000)
 ParOldGen       total 44032K, used 12493K [0x00000000c1a00000, 0x00000000c4500000, 0x00000000eb380000)
  object space 44032K, 28% used [0x00000000c1a00000,0x00000000c2633510,0x00000000c4500000)
 Metaspace       used 15196K, capacity 15482K, committed 15872K, reserved 1062912K
  class space    used 1840K, capacity 1945K, committed 2048K, reserved 1048576K
Event: 4.858 GC heap after
Heap after GC invocations=6 (full 0):
 PSYoungGen      total 73216K, used 6704K [0x00000000eb380000, 0x00000000f0480000, 0x0000000100000000)
  eden space 65024K, 0% used [0x00000000eb380000,0x00000000eb380000,0x00000000ef300000)
  from space 8192K, 81% used [0x00000000efb80000,0x00000000f020c248,0x00000000f0380000)
  to   space 8704K, 0% used [0x00000000ef300000,0x00000000ef300000,0x00000000efb80000)
 ParOldGen       total 44032K, used 12501K [0x00000000c1a00000, 0x00000000c4500000, 0x00000000eb380000)
  object space 44032K, 28% used [0x00000000c1a00000,0x00000000c2635510,0x00000000c4500000)
 Metaspace       used 15196K, capacity 15482K, committed 15872K, reserved 1062912K
  class space    used 1840K, capacity 1945K, committed 2048K, reserved 1048576K
}
Event: 7.858 GC heap before
{Heap before GC invocations=7 (full 0):
 PSYoungGen      total 73216K, used 71728K [0x00000000eb380000, 0x00000000f0480000, 0x0000000100000000)
  eden space 65024K, 100% used [0x00000000eb380000,0x00000000ef300000,0x00000000ef300000)
  from space 8192K, 81% used [0x00000000efb80000,0x00000000f020c248,0x00000000f0380000)
  to   space 8704K, 0% used [0x00000000ef300000,0x00000000ef300000,0x00000000efb80000)
 ParOldGen       total 44032K, used 12501K [0x00000000c1a00000, 0x00000000c4500000, 0x00000000eb380000)
  object space 44032K, 28% used [0x00000000c1a00000,0x00000000c2635510,0x00000000c4500000)
 Metaspace       used 15616K, capacity 15922K, committed 16128K, reserved 1062912K
  class space    used 1864K, capacity 1981K, committed 2048K, reserved 1048576K
Event: 7.877 GC heap after
Heap after GC invocations=7 (full 0):
 PSYoungGen      total 73728K, used 8704K [0x00000000eb380000, 0x00000000f4b80000, 0x0000000100000000)
  eden space 65024K, 0% used [0x00000000eb380000,0x00000000eb380000,0x00000000ef300000)
  from space 8704K, 100% used [0x00000000ef300000,0x00000000efb80000,0x00000000efb80000)
  to   space 12800K, 0% used [0x00000000f3f00000,0x00000000f3f00000,0x00000000f4b80000)
 ParOldGen       total 44032K, used 17590K [0x00000000c1a00000, 0x00000000c4500000, 0x00000000eb380000)
  object space 44032K, 39% used [0x00000000c1a00000,0x00000000c2b2d9a8,0x00000000c4500000)
 Metaspace       used 15616K, capacity 15922K, committed 16128K, reserved 1062912K
  class space    used 1864K, capacity 1981K, committed 2048K, reserved 1048576K
}
Event: 29.344 GC heap before
{Heap before GC invocations=8 (full 0):
 PSYoungGen      total 73728K, used 55406K [0x00000000eb380000, 0x00000000f4b80000, 0x0000000100000000)
  eden space 65024K, 71% used [0x00000000eb380000,0x00000000ee11b878,0x00000000ef300000)
  from space 8704K, 100% used [0x00000000ef300000,0x00000000efb80000,0x00000000efb80000)
  to   space 12800K, 0% used [0x00000000f3f00000,0x00000000f3f00000,0x00000000f4b80000)
 ParOldGen       total 44032K, used 17590K [0x00000000c1a00000, 0x00000000c4500000, 0x00000000eb380000)
  object space 44032K, 39% used [0x00000000c1a00000,0x00000000c2b2d9a8,0x00000000c4500000)
 Metaspace       used 20627K, capacity 21134K, committed 21296K, reserved 1069056K
  class space    used 2416K, capacity 2567K, committed 2608K, reserved 1048576K
Event: 29.397 GC heap after
Heap after GC invocations=8 (full 0):
 PSYoungGen      total 140288K, used 12793K [0x00000000eb380000, 0x00000000f5080000, 0x0000000100000000)
  eden space 127488K, 0% used [0x00000000eb380000,0x00000000eb380000,0x00000000f3000000)
  from space 12800K, 99% used [0x00000000f3f00000,0x00000000f4b7e618,0x00000000f4b80000)
  to   space 15360K, 0% used [0x00000000f3000000,0x00000000f3000000,0x00000000f3f00000)
 ParOldGen       total 44032K, used 19159K [0x00000000c1a00000, 0x00000000c4500000, 0x00000000eb380000)
  object space 44032K, 43% used [0x00000000c1a00000,0x00000000c2cb5c00,0x00000000c4500000)
 Metaspace       used 20627K, capacity 21134K, committed 21296K, reserved 1069056K
  class space    used 2416K, capacity 2567K, committed 2608K, reserved 1048576K
}
Event: 29.397 GC heap before
{Heap before GC invocations=9 (full 1):
 PSYoungGen      total 140288K, used 12793K [0x00000000eb380000, 0x00000000f5080000, 0x0000000100000000)
  eden space 127488K, 0% used [0x00000000eb380000,0x00000000eb380000,0x00000000f3000000)
  from space 12800K, 99% used [0x00000000f3f00000,0x00000000f4b7e618,0x00000000f4b80000)
  to   space 15360K, 0% used [0x00000000f3000000,0x00000000f3000000,0x00000000f3f00000)
 ParOldGen       total 44032K, used 19159K [0x00000000c1a00000, 0x00000000c4500000, 0x00000000eb380000)
  object space 44032K, 43% used [0x00000000c1a00000,0x00000000c2cb5c00,0x00000000c4500000)
 Metaspace       used 20627K, capacity 21134K, committed 21296K, reserved 1069056K
  class space    used 2416K, capacity 2567K, committed 2608K, reserved 1048576K
Event: 29.537 GC heap after
Heap after GC invocations=9 (full 1):
 PSYoungGen      total 140288K, used 0K [0x00000000eb380000, 0x00000000f5080000, 0x0000000100000000)
  eden space 127488K, 0% used [0x00000000eb380000,0x00000000eb380000,0x00000000f3000000)
  from space 12800K, 0% used [0x00000000f3f00000,0x00000000f3f00000,0x00000000f4b80000)
  to   space 15360K, 0% used [0x00000000f3000000,0x00000000f3000000,0x00000000f3f00000)
 ParOldGen       total 49152K, used 21621K [0x00000000c1a00000, 0x00000000c4a00000, 0x00000000eb380000)
  object space 49152K, 43% used [0x00000000c1a00000,0x00000000c2f1d5d8,0x00000000c4a00000)
 Metaspace       used 20627K, capacity 21134K, committed 21296K, reserved 1069056K
  class space    used 2416K, capacity 2567K, committed 2608K, reserved 1048576K
}

